<?xml version="1.0" encoding="UTF-8"?>
<testsuite xmlns:xsi="http://www.w3.org/2001/XMLSchema-instance" xsi:schemaLocation="https://maven.apache.org/surefire/maven-surefire-plugin/xsd/surefire-test-report.xsd" name="runner.TestRunner" time="16.468" tests="1" errors="0" skipped="0" failures="0">
  <properties>
    <property name="java.runtime.name" value="OpenJDK Runtime Environment"/>
    <property name="java.vm.version" value="17.0.2+8-86"/>
    <property name="sun.boot.library.path" value="C:\Users\gseeniva\OneDrive - Capgemini\Documents\Software\JAVA\openjdk-17.0.2_windows-x64_bin\jdk-17.0.2\bin"/>
    <property name="maven.multiModuleProjectDirectory" value="C:\Users\gseeniva\OneDrive - Capgemini\Documents\intellij\demo\Cucumber_testing"/>
    <property name="java.vm.vendor" value="Oracle Corporation"/>
    <property name="java.vendor.url" value="https://java.oracle.com/"/>
    <property name="guice.disable.misplaced.annotation.check" value="true"/>
    <property name="path.separator" value=";"/>
    <property name="java.vm.name" value="OpenJDK 64-Bit Server VM"/>
    <property name="sun.os.patch.level" value=""/>
    <property name="user.script" value=""/>
    <property name="user.country" value="IN"/>
    <property name="sun.java.launcher" value="SUN_STANDARD"/>
    <property name="java.vm.specification.name" value="Java Virtual Machine Specification"/>
    <property name="user.dir" value="C:\Users\gseeniva\OneDrive - Capgemini\Documents\intellij\demo\Cucumber_testing"/>
    <property name="java.vm.compressedOopsMode" value="Zero based"/>
    <property name="java.runtime.version" value="17.0.2+8-86"/>
    <property name="os.arch" value="amd64"/>
    <property name="java.io.tmpdir" value="C:\Users\gseeniva\AppData\Local\Temp\"/>
    <property name="line.separator" value="&#10;"/>
    <property name="java.vm.specification.vendor" value="Oracle Corporation"/>
    <property name="user.variant" value=""/>
    <property name="os.name" value="Windows 11"/>
    <property name="classworlds.conf" value="C:\Users\gseeniva\OneDrive - Capgemini\Documents\Software\JAVA\apache-maven-3.9.1-bin\apache-maven-3.9.1\bin\m2.conf"/>
    <property name="sun.jnu.encoding" value="Cp1252"/>
    <property name="java.library.path" value="C:\Users\gseeniva\OneDrive - Capgemini\Documents\Software\JAVA\openjdk-17.0.2_windows-x64_bin\jdk-17.0.2\bin;C:\WINDOWS\Sun\Java\bin;C:\WINDOWS\system32;C:\WINDOWS;C:\Users\gseeniva\OneDrive - Capgemini\Documents\Software\JAVA\openjdk-17.0.2_windows-x64_bin\jdk-17.0.2/bin;C:\Users\gseeniva\OneDrive - Capgemini\Documents\Software\JAVA\openjdk-17.0.2_windows-x64_bin\jdk-17.0.2/bin;C:\Users\gseeniva\bin;C:\Program Files\Git\mingw64\bin;C:\Program Files\Git\usr\local\bin;C:\Program Files\Git\usr\bin;C:\Program Files\Git\usr\bin;C:\Program Files\Git\mingw64\bin;C:\Program Files\Git\usr\bin;C:\Users\gseeniva\bin;C:\Program Files\AdoptOpenJDK\jdk-15.0.0.36-hotspot\bin;C:\WINDOWS\system32;C:\WINDOWS;C:\WINDOWS\System32\Wbem;C:\WINDOWS\System32\WindowsPowerShell\v1.0;C:\WINDOWS\System32\OpenSSH;C:\Program Files (x86)\Pulse Secure\VC142.CRT\X64;C:\Program Files (x86)\Pulse Secure\VC142.CRT\X86;C:\Users\gseeniva\OneDrive - Capgemini\Documents\Software\JAVA\openjdk-17.0.2_windows-x64_bin\jdk-17.0.2\bin;C:\Users\gseeniva\OneDrive - Capgemini\Documents\Software\JAVA\apache-maven-3.9.1-bin\apache-maven-3.9.1\bin;C:\Program Files\dotnet;C:\Program Files\Git\cmd;C:\Program Files\nodejs;C:\Users\gseeniva\AppData\Local\Microsoft\WindowsApps;C:\Users\gseeniva\AppData\Local\Programs\Microsoft VS Code\bin;C:\Users\gseeniva\AppData\Local\Programs\Git\cmd;C:\Users\gseeniva\AppData\Local\Google\Cloud SDK\google-cloud-sdk\bin;C:\Users\gseeniva\AppData\Local\GitHubDesktop\bin;C:\Users\gseeniva\AppData\Local\Packages\PythonSoftwareFoundation.Python.3.11_qbz5n2kfra8p0\LocalCache\local-packages\Python311\Scripts;C:\Program Files\Git\usr\bin\vendor_perl;C:\Program Files\Git\usr\bin\core_perl;."/>
    <property name="maven.conf" value="C:\Users\gseeniva\OneDrive - Capgemini\Documents\Software\JAVA\apache-maven-3.9.1-bin\apache-maven-3.9.1/conf"/>
    <property name="jdk.debug" value="release"/>
    <property name="java.class.version" value="61.0"/>
    <property name="java.specification.name" value="Java Platform API Specification"/>
    <property name="sun.management.compiler" value="HotSpot 64-Bit Tiered Compilers"/>
    <property name="os.version" value="10.0"/>
    <property name="library.jansi.path" value="C:\Users\gseeniva\OneDrive - Capgemini\Documents\Software\JAVA\apache-maven-3.9.1-bin\apache-maven-3.9.1\lib\jansi-native"/>
    <property name="user.home" value="C:\Users\gseeniva"/>
    <property name="user.timezone" value="Asia/Calcutta"/>
    <property name="file.encoding" value="Cp1252"/>
    <property name="java.specification.version" value="17"/>
    <property name="user.name" value="gseeniva"/>
    <property name="java.class.path" value="C:\Users\gseeniva\OneDrive - Capgemini\Documents\Software\JAVA\apache-maven-3.9.1-bin\apache-maven-3.9.1\boot\plexus-classworlds-2.6.0.jar"/>
    <property name="java.vm.specification.version" value="17"/>
    <property name="sun.arch.data.model" value="64"/>
    <property name="sun.java.command" value="org.codehaus.plexus.classworlds.launcher.Launcher test"/>
    <property name="java.home" value="C:\Users\gseeniva\OneDrive - Capgemini\Documents\Software\JAVA\openjdk-17.0.2_windows-x64_bin\jdk-17.0.2"/>
    <property name="user.language" value="en"/>
    <property name="java.specification.vendor" value="Oracle Corporation"/>
    <property name="java.vm.info" value="mixed mode, sharing"/>
    <property name="java.version" value="17.0.2"/>
    <property name="native.encoding" value="Cp1252"/>
    <property name="java.vendor" value="Oracle Corporation"/>
    <property name="maven.home" value="C:\Users\gseeniva\OneDrive - Capgemini\Documents\Software\JAVA\apache-maven-3.9.1-bin\apache-maven-3.9.1"/>
    <property name="file.separator" value="\"/>
    <property name="java.version.date" value="2022-01-18"/>
    <property name="java.vendor.url.bug" value="https://bugreport.java.com/bugreport/"/>
    <property name="sun.io.unicode.encoding" value="UnicodeLittle"/>
    <property name="sun.cpu.endian" value="little"/>
    <property name="sun.cpu.isalist" value="amd64"/>
  </properties>
  <testcase name="Login Second" classname="Login Feature" time="15.204"/>
</testsuite>